app/build/intermediates/manifest_merge_blame_file/debug/manifest-merger-blame-debug-report.txt
1<?xml version="1.0" encoding="utf-8"?>
2<manifest xmlns:android="http://schemas.android.com/apk/res/android"
3    package="com.example.zhans.myapplication"
4    android:versionCode="1"
5    android:versionName="1.0" >
6
7    <uses-sdk
8        android:minSdkVersion="19"
8-->src\main\AndroidManifest.xml
9        android:targetSdkVersion="28" />
9-->src\main\AndroidManifest.xml
10
11    <uses-permission android:name="android.permission.WRITE_EXTERNAL_STORAGE" />
11-->src\main\AndroidManifest.xml:6:5-81
11-->src\main\AndroidManifest.xml:6:22-78
12    <uses-permission android:name="android.permission.READ_EXTERNAL_STORAGE" />
12-->src\main\AndroidManifest.xml:7:5-80
12-->src\main\AndroidManifest.xml:7:22-77
13    <uses-permission android:name="android.permission.SYSTEM_ALERT_WINDOW" />
13-->src\main\AndroidManifest.xml:8:5-78
13-->src\main\AndroidManifest.xml:8:22-75
14    <uses-permission android:name="android.permission.SYSTEM_OVERLAY_WINDOW" />
14-->src\main\AndroidManifest.xml:9:5-80
14-->src\main\AndroidManifest.xml:9:22-77
15
16    <application
16-->src\main\AndroidManifest.xml:11:5-45:19
17        android:allowBackup="true"
17-->src\main\AndroidManifest.xml:12:9-35
18        android:appComponentFactory="android.support.v4.app.CoreComponentFactory"
18-->[com.android.support:support-compat:28.0.0] AndroidManifest.xml:22:18-91
19        android:debuggable="true"
20        android:icon="@mipmap/ic_launcher"
20-->src\main\AndroidManifest.xml:13:9-43
21        android:label="@string/app_name"
21-->src\main\AndroidManifest.xml:14:9-41
22        android:resizeableActivity="true"
22-->src\main\AndroidManifest.xml:18:9-42
23        android:roundIcon="@mipmap/ic_launcher_round"
23-->src\main\AndroidManifest.xml:15:9-54
24        android:supportsRtl="true"
24-->src\main\AndroidManifest.xml:16:9-35
25        android:testOnly="true"
26        android:theme="@style/AppTheme" >
26-->src\main\AndroidManifest.xml:17:9-40
27        <activity android:name="com.example.zhans.myapplication.Main2Activity" >
27-->src\main\AndroidManifest.xml:20:9-26:36
27-->src\main\AndroidManifest.xml:20:19-48
28            <intent-filter>
28-->src\main\AndroidManifest.xml:22:13-26:25
29                <action android:name="android.intent.action.MAIN" />
29-->src\main\AndroidManifest.xml:23:13-65
29-->src\main\AndroidManifest.xml:23:21-62
30
31                <category android:name="android.intent.category.LAUNCHER" />
31-->src\main\AndroidManifest.xml:25:13-73
31-->src\main\AndroidManifest.xml:25:23-70
32            </intent-filter>
33        </activity>
34        <activity android:name="com.example.zhans.myapplication.MainActivity" >
34-->src\main\AndroidManifest.xml:27:9-29:20
34-->src\main\AndroidManifest.xml:27:19-47
35        </activity>
36
37        <service
37-->src\main\AndroidManifest.xml:31:9-43:19
38            android:name="com.example.zhans.myapplication.TaskService"
38-->src\main\AndroidManifest.xml:32:13-40
39            android:enabled="true"
39-->src\main\AndroidManifest.xml:33:13-35
40            android:exported="true"
40-->src\main\AndroidManifest.xml:34:13-36
41            android:permission="android.permission.BIND_ACCESSIBILITY_SERVICE" >
41-->src\main\AndroidManifest.xml:35:13-79
42            <intent-filter>
42-->src\main\AndroidManifest.xml:36:13-38:29
43                <action android:name="android.accessibilityservice.AccessibilityService" />
43-->src\main\AndroidManifest.xml:37:17-92
43-->src\main\AndroidManifest.xml:37:25-89
44            </intent-filter>
45
46            <meta-data
46-->src\main\AndroidManifest.xml:40:13-42:57
47                android:name="android.accessibilityservice"
47-->src\main\AndroidManifest.xml:41:17-60
48                android:resource="@xml/accessibility" />
48-->src\main\AndroidManifest.xml:42:17-54
49        </service>
50        <!-- <service android:name=".FloatViewService" /> -->
51    </application>
52
53</manifest>